Using pre-set license
Built from '2020.3/staging' branch; Version is '2020.3.18f1 (a7d1c678663c) revision 10998214'; Using compiler version '192528614'; Build Type 'Release'
OS: 'Windows 10 Pro; OS build 19044.1526; Version 2009; 64bit' Language: 'es' Physical Memory: 16310 MB
BatchMode: 1, IsHumanControllingUs: 0, StartBugReporterOnCrash: 0, Is64bit: 1, IsPro: 0

COMMAND LINE ARGUMENTS:
C:\Program Files\Unity\Hub\Editor\2020.3.18f1\Editor\Unity.exe
-adb2
-batchMode
-noUpm
-name
AssetImportWorker0
-projectPath
C:/Users/angel/OneDrive/Documentos/New Unity Project
-logFile
Logs/AssetImportWorker0.log
-srvPort
52613
Successfully changed project path to: C:/Users/angel/OneDrive/Documentos/New Unity Project
C:/Users/angel/OneDrive/Documentos/New Unity Project
Using Asset Import Pipeline V2.
Refreshing native plugins compatible for Editor in 36.29 ms, found 2 plugins.
Preloading 0 native plugins for Editor in 0.00 ms.
Initialize engine version: 2020.3.18f1 (a7d1c678663c)
[Subsystems] Discovering subsystems at path C:/Program Files/Unity/Hub/Editor/2020.3.18f1/Editor/Data/Resources/UnitySubsystems
[Subsystems] Discovering subsystems at path C:/Users/angel/OneDrive/Documentos/New Unity Project/Assets
GfxDevice: creating device client; threaded=0
Direct3D:
    Version:  Direct3D 11.0 [level 11.1]
    Renderer: NVIDIA GeForce GTX 1660 Ti (ID=0x2182)
    Vendor:   
    VRAM:     5991 MB
    Driver:   27.21.14.6192
Initialize mono
Mono path[0] = 'C:/Program Files/Unity/Hub/Editor/2020.3.18f1/Editor/Data/Managed'
Mono path[1] = 'C:/Program Files/Unity/Hub/Editor/2020.3.18f1/Editor/Data/MonoBleedingEdge/lib/mono/unityjit'
Mono config path = 'C:/Program Files/Unity/Hub/Editor/2020.3.18f1/Editor/Data/MonoBleedingEdge/etc'
Using monoOptions --debugger-agent=transport=dt_socket,embedding=1,server=y,suspend=n,address=127.0.0.1:56764
Begin MonoManager ReloadAssembly
Registering precompiled unity dll's ...
Register platform support module: C:/Program Files/Unity/Hub/Editor/2020.3.18f1/Editor/Data/PlaybackEngines/WindowsStandaloneSupport/UnityEditor.WindowsStandalone.Extensions.dll
Registered in 0.007406 seconds.
Native extension for WindowsStandalone target not found
Refreshing native plugins compatible for Editor in 35.53 ms, found 2 plugins.
Preloading 0 native plugins for Editor in 0.00 ms.
Mono: successfully reloaded assembly
- Completed reload, in  1.449 seconds
Domain Reload Profiling:
	ReloadAssembly (1449ms)
		BeginReloadAssembly (79ms)
			ExecutionOrderSort (0ms)
			DisableScriptedObjects (0ms)
			BackupInstance (0ms)
			ReleaseScriptingObjects (0ms)
			CreateAndSetChildDomain (1ms)
		EndReloadAssembly (500ms)
			LoadAssemblies (71ms)
			RebuildTransferFunctionScriptingTraits (0ms)
			SetupTypeCache (181ms)
			ReleaseScriptCaches (0ms)
			RebuildScriptCaches (32ms)
			SetupLoadedEditorAssemblies (183ms)
				LogAssemblyErrors (0ms)
				InitializePlatformSupportModulesInManaged (5ms)
				SetLoadedEditorAssemblies (0ms)
				RefreshPlugins (36ms)
				BeforeProcessingInitializeOnLoad (21ms)
				ProcessInitializeOnLoadAttributes (90ms)
				ProcessInitializeOnLoadMethodAttributes (32ms)
				AfterProcessingInitializeOnLoad (0ms)
				EditorAssembliesLoaded (0ms)
			ExecutionOrderSort2 (0ms)
			AwakeInstancesAfterBackupRestoration (0ms)
Platform modules already initialized, skipping
Registering precompiled user dll's ...
Registered in 0.008546 seconds.
Begin MonoManager ReloadAssembly
Native extension for WindowsStandalone target not found
Refreshing native plugins compatible for Editor in 0.34 ms, found 2 plugins.
Preloading 0 native plugins for Editor in 0.00 ms.
Mono: successfully reloaded assembly
- Completed reload, in  1.240 seconds
Domain Reload Profiling:
	ReloadAssembly (1241ms)
		BeginReloadAssembly (186ms)
			ExecutionOrderSort (0ms)
			DisableScriptedObjects (5ms)
			BackupInstance (0ms)
			ReleaseScriptingObjects (0ms)
			CreateAndSetChildDomain (20ms)
		EndReloadAssembly (958ms)
			LoadAssemblies (113ms)
			RebuildTransferFunctionScriptingTraits (0ms)
			SetupTypeCache (297ms)
			ReleaseScriptCaches (0ms)
			RebuildScriptCaches (44ms)
			SetupLoadedEditorAssemblies (397ms)
				LogAssemblyErrors (0ms)
				InitializePlatformSupportModulesInManaged (6ms)
				SetLoadedEditorAssemblies (1ms)
				RefreshPlugins (0ms)
				BeforeProcessingInitializeOnLoad (118ms)
				ProcessInitializeOnLoadAttributes (241ms)
				ProcessInitializeOnLoadMethodAttributes (5ms)
				AfterProcessingInitializeOnLoad (24ms)
				EditorAssembliesLoaded (0ms)
			ExecutionOrderSort2 (0ms)
			AwakeInstancesAfterBackupRestoration (8ms)
Platform modules already initialized, skipping
========================================================================
Worker process is ready to serve import requests
Launched and connected shader compiler UnityShaderCompiler.exe after 0.07 seconds
Refreshing native plugins compatible for Editor in 0.39 ms, found 2 plugins.
Preloading 0 native plugins for Editor in 0.00 ms.
Unloading 1396 Unused Serialized files (Serialized files now loaded: 0)
System memory in use before: 64.8 MB.
System memory in use after: 64.9 MB.

Unloading 16 unused Assets to reduce memory usage. Loaded Objects now: 1831.
Total: 3.500700 ms (FindLiveObjects: 0.254900 ms CreateObjectMapping: 0.045600 ms MarkObjects: 3.116500 ms  DeleteObjects: 0.082300 ms)

AssetImportParameters requested are different than current active one (requested -> active):
  custom:framework-win-MediaFoundation: 216162199b28c13a410421893ffa2e32 -> 
  custom:video-decoder-ogg-theora: a1e56fd34408186e4bbccfd4996cb3dc -> 
  custom:container-muxer-webm: aa71ff27fc2769a1b78a27578f13a17b -> 
  custom:container-demuxer-webm: 4f35f7cbe854078d1ac9338744f61a02 -> 
  custom:container-demuxer-ogg: 62fdf1f143b41e24485cea50d1cbac27 -> 
  custom:video-encoder-webm-vp8: eb34c28f22e8b96e1ab97ce403110664 -> 
  custom:video-decoder-webm-vp8: 9c59270c3fd7afecdb556c50c9e8de78 -> 
  custom:audio-decoder-ogg-vorbis: bf7c407c2cedff20999df2af8eb42d56 -> 
  custom:audio-encoder-webm-vorbis: bf7c407c2cedff20999df2af8eb42d56 -> 
========================================================================
Received Import Request.
  path: Assets/Scenes
  artifactKey: Guid(4c673afb354e0954bba1b0cf42c53cfd) Importer(815301076,1909f56bfc062723c751e8b465ee728b)
Start importing Assets/Scenes using Guid(4c673afb354e0954bba1b0cf42c53cfd) Importer(815301076,1909f56bfc062723c751e8b465ee728b)  -> (artifact id: '21b9dbf4a94d20c0fe70502e5c37a90c') in 0.032985 seconds 
  Import took 0.035329 seconds .

========================================================================
Received Import Request.
  Time since last request: 175.541552 seconds.
  path: Assets/New Terrain.asset
  artifactKey: Guid(e7b5ca9c6e4f755469671df8de071809) Importer(815301076,1909f56bfc062723c751e8b465ee728b)
Start importing Assets/New Terrain.asset using Guid(e7b5ca9c6e4f755469671df8de071809) Importer(815301076,1909f56bfc062723c751e8b465ee728b)  -> (artifact id: 'cc0fac24ce7647616e30a8236f997df8') in 0.125051 seconds 
  Import took 0.128266 seconds .

========================================================================
Received Import Request.
  Time since last request: 0.018845 seconds.
  path: Assets/New Terrain.asset
  artifactKey: Guid(e7b5ca9c6e4f755469671df8de071809) Importer(815301076,1909f56bfc062723c751e8b465ee728b)
Start importing Assets/New Terrain.asset using Guid(e7b5ca9c6e4f755469671df8de071809) Importer(815301076,1909f56bfc062723c751e8b465ee728b)  -> (artifact id: 'cc0fac24ce7647616e30a8236f997df8') in 0.043550 seconds 
  Import took 0.046558 seconds .

========================================================================
Received Import Request.
  Time since last request: 846.683181 seconds.
  path: Assets/color.mat
  artifactKey: Guid(11e38fe206c76374da2dd554f57918ee) Importer(815301076,1909f56bfc062723c751e8b465ee728b)
Start importing Assets/color.mat using Guid(11e38fe206c76374da2dd554f57918ee) Importer(815301076,1909f56bfc062723c751e8b465ee728b)  -> (artifact id: '1aa80019f95eeb45a06b631aaf64fa83') in 0.118917 seconds 
  Import took 0.121649 seconds .

========================================================================
Received Import Request.
  Time since last request: 936.504076 seconds.
  path: Assets
  artifactKey: Guid(00000000000000001000000000000000) Importer(815301076,1909f56bfc062723c751e8b465ee728b)
Start importing Assets using Guid(00000000000000001000000000000000) Importer(815301076,1909f56bfc062723c751e8b465ee728b)  -> (artifact id: '42d402b061de3733987d63b9cc3b64de') in 0.032025 seconds 
  Import took 0.034839 seconds .

========================================================================
Received Import Request.
  Time since last request: 28.859915 seconds.
  path: Assets/Color negro.mat
  artifactKey: Guid(1c93df5962fbb77448cecfa7bb682791) Importer(815301076,1909f56bfc062723c751e8b465ee728b)
Start importing Assets/Color negro.mat using Guid(1c93df5962fbb77448cecfa7bb682791) Importer(815301076,1909f56bfc062723c751e8b465ee728b)  -> (artifact id: '85b238931da8dd35621d869b3340dfd8') in 0.047083 seconds 
  Import took 0.049731 seconds .

========================================================================
Received Import Request.
  Time since last request: 24.628133 seconds.
  path: Assets/Color negro.mat
  artifactKey: Guid(1c93df5962fbb77448cecfa7bb682791) Importer(815301076,1909f56bfc062723c751e8b465ee728b)
Start importing Assets/Color negro.mat using Guid(1c93df5962fbb77448cecfa7bb682791) Importer(815301076,1909f56bfc062723c751e8b465ee728b)  -> (artifact id: '886849fa72995c6dde25db62632c3a5a') in 0.041588 seconds 
  Import took 0.044388 seconds .

========================================================================
Received Import Request.
  Time since last request: 0.000320 seconds.
  path: Assets/color.mat
  artifactKey: Guid(11e38fe206c76374da2dd554f57918ee) Importer(815301076,1909f56bfc062723c751e8b465ee728b)
Start importing Assets/color.mat using Guid(11e38fe206c76374da2dd554f57918ee) Importer(815301076,1909f56bfc062723c751e8b465ee728b)  -> (artifact id: '0f14518f311cd38ec1b0a9b09b1ed83e') in 0.040114 seconds 
  Import took 0.042788 seconds .

========================================================================
Received Import Request.
  Time since last request: 101.656320 seconds.
  path: Assets/rojo.mat
  artifactKey: Guid(259c58d95a9315242844e12e5e0dfad2) Importer(815301076,1909f56bfc062723c751e8b465ee728b)
Start importing Assets/rojo.mat using Guid(259c58d95a9315242844e12e5e0dfad2) Importer(815301076,1909f56bfc062723c751e8b465ee728b)  -> (artifact id: '423242a0f9d44a6c3a4b7d1064cf5da8') in 0.044615 seconds 
  Import took 0.047548 seconds .

========================================================================
Received Import Request.
  Time since last request: 7.191194 seconds.
  path: Assets/rojo.mat
  artifactKey: Guid(259c58d95a9315242844e12e5e0dfad2) Importer(815301076,1909f56bfc062723c751e8b465ee728b)
Start importing Assets/rojo.mat using Guid(259c58d95a9315242844e12e5e0dfad2) Importer(815301076,1909f56bfc062723c751e8b465ee728b)  -> (artifact id: 'add498d806adc59e6bb2431f0ae3d6c9') in 0.039967 seconds 
  Import took 0.042505 seconds .

AssetImportWorkerClient::OnTransportError - code=2 error=End of file
